<?xml version="1.0" encoding="UTF-8" ?>
<testsuite tests="17" failures="0" name="taskUserData.userDataTest" time="0.311" errors="2" skipped="9">
  <properties>
[...]
</properties>
  <testcase classname="| agakk | Wiosenna 13 | Poznań | 61-677 | United Kingdom | 678489789 |" name="Given Page https://prod-kurs.coderslab.pl/ opened in browser" time="0.005"/>
  <testcase classname="| agakk | Wiosenna 13 | Poznań | 61-677 | United Kingdom | 678489789 |" name="When User click SignIn" time="0"/>
  <testcase classname="| agakk | Wiosenna 13 | Poznań | 61-677 | United Kingdom | 678489789 |" name="And fill Email" time="0"/>
  <testcase classname="| agakk | Wiosenna 13 | Poznań | 61-677 | United Kingdom | 678489789 |" name="And User fill Password" time="0"/>
  <testcase classname="| agakk | Wiosenna 13 | Poznań | 61-677 | United Kingdom | 678489789 |" name="And Submit Sign In button" time="0"/>
  <testcase classname="| agakk | Wiosenna 13 | Poznań | 61-677 | United Kingdom | 678489789 |" name="Then User see accountPage" time="0"/>
  <testcase classname="| agakk | Wiosenna 13 | Poznań | 61-677 | United Kingdom | 678489789 |" name="When User click Addresses" time="0.018">
    <error message="no such element: Unable to locate element: {&quot;method&quot;:&quot;xpath&quot;,&quot;selector&quot;:&quot;//*[@id=&quot;address-link&quot;]/span&quot;}
  (Session info: chrome=92.0.4515.107)
For documentation on this error, please visit: https://www.seleniumhq.org/exceptions/no_such_element.html
Build info: version: &apos;3.141.59&apos;, revision: &apos;e82be7d358&apos;, time: &apos;2018-11-14T08:17:03&apos;
System info: host: &apos;DESKTOP-7ASN0FD&apos;, ip: &apos;169.254.137.178&apos;, os.name: &apos;Windows 10&apos;, os.arch: &apos;amd64&apos;, os.version: &apos;10.0&apos;, java.version: &apos;11.0.12&apos;
Driver info: org.openqa.selenium.chrome.ChromeDriver
Capabilities {acceptInsecureCerts: false, browserName: chrome, browserVersion: 92.0.4515.107, chrome: {chromedriverVersion: 91.0.4472.101 (af52a90bf870..., userDataDir: C:\Users\AGNIES~1\AppData\L...}, goog:chromeOptions: {debuggerAddress: localhost:61513}, javascriptEnabled: true, networkConnectionEnabled: false, pageLoadStrategy: normal, platform: WINDOWS, platformName: WINDOWS, proxy: Proxy(), setWindowRect: true, strictFileInteractability: false, timeouts: {implicit: 0, pageLoad: 300000, script: 30000}, unhandledPromptBehavior: dismiss and notify, webauthn:extension:largeBlob: true, webauthn:virtualAuthenticators: true}
Session ID: 89ef50abcd6d4e9ad2fdde0fe68ca3e6
*** Element info: {Using=xpath, value=//*[@id=&quot;address-link&quot;]/span}" type="org.openqa.selenium.NoSuchElementException">org.openqa.selenium.NoSuchElementException: no such element: Unable to locate element: {&quot;method&quot;:&quot;xpath&quot;,&quot;selector&quot;:&quot;//*[@id=&quot;address-link&quot;]/span&quot;}
  (Session info: chrome=92.0.4515.107)
For documentation on this error, please visit: https://www.seleniumhq.org/exceptions/no_such_element.html
Build info: version: &apos;3.141.59&apos;, revision: &apos;e82be7d358&apos;, time: &apos;2018-11-14T08:17:03&apos;
System info: host: &apos;DESKTOP-7ASN0FD&apos;, ip: &apos;169.254.137.178&apos;, os.name: &apos;Windows 10&apos;, os.arch: &apos;amd64&apos;, os.version: &apos;10.0&apos;, java.version: &apos;11.0.12&apos;
Driver info: org.openqa.selenium.chrome.ChromeDriver
Capabilities {acceptInsecureCerts: false, browserName: chrome, browserVersion: 92.0.4515.107, chrome: {chromedriverVersion: 91.0.4472.101 (af52a90bf870..., userDataDir: C:\Users\AGNIES~1\AppData\L...}, goog:chromeOptions: {debuggerAddress: localhost:61513}, javascriptEnabled: true, networkConnectionEnabled: false, pageLoadStrategy: normal, platform: WINDOWS, platformName: WINDOWS, proxy: Proxy(), setWindowRect: true, strictFileInteractability: false, timeouts: {implicit: 0, pageLoad: 300000, script: 30000}, unhandledPromptBehavior: dismiss and notify, webauthn:extension:largeBlob: true, webauthn:virtualAuthenticators: true}
Session ID: 89ef50abcd6d4e9ad2fdde0fe68ca3e6
*** Element info: {Using=xpath, value=//*[@id=&quot;address-link&quot;]/span}
	at java.base/jdk.internal.reflect.NativeConstructorAccessorImpl.newInstance0(Native Method)
	at java.base/jdk.internal.reflect.NativeConstructorAccessorImpl.newInstance(NativeConstructorAccessorImpl.java:62)
	at java.base/jdk.internal.reflect.DelegatingConstructorAccessorImpl.newInstance(DelegatingConstructorAccessorImpl.java:45)
	at java.base/java.lang.reflect.Constructor.newInstance(Constructor.java:490)
	at org.openqa.selenium.remote.http.W3CHttpResponseCodec.createException(W3CHttpResponseCodec.java:187)
	at org.openqa.selenium.remote.http.W3CHttpResponseCodec.decode(W3CHttpResponseCodec.java:122)
	at org.openqa.selenium.remote.http.W3CHttpResponseCodec.decode(W3CHttpResponseCodec.java:49)
	at org.openqa.selenium.remote.HttpCommandExecutor.execute(HttpCommandExecutor.java:158)
	at org.openqa.selenium.remote.service.DriverCommandExecutor.execute(DriverCommandExecutor.java:83)
	at org.openqa.selenium.remote.RemoteWebDriver.execute(RemoteWebDriver.java:552)
	at org.openqa.selenium.remote.RemoteWebDriver.findElement(RemoteWebDriver.java:323)
	at org.openqa.selenium.remote.RemoteWebDriver.findElementByXPath(RemoteWebDriver.java:428)
	at org.openqa.selenium.By$ByXPath.findElement(By.java:353)
	at org.openqa.selenium.remote.RemoteWebDriver.findElement(RemoteWebDriver.java:315)
	at org.openqa.selenium.support.pagefactory.DefaultElementLocator.findElement(DefaultElementLocator.java:69)
	at org.openqa.selenium.support.pagefactory.internal.LocatingElementHandler.invoke(LocatingElementHandler.java:38)
	at com.sun.proxy.$Proxy19.click(Unknown Source)
	at task1.userData.addressesButton2(userData.java:68)
	at taskUserData.userDataSteps.clickAddressesButton(userDataSteps.java:60)
	at ✽.When User click Addresses(src/test/resources/cucumber.features/search-in-google.feature:10)
</error>
  </testcase>
  <testcase classname="| agakk | Wiosenna 13 | Poznań | 61-677 | United Kingdom | 678489789 |" name="| agakk | Wiosenna 13 | Poznań | 61-677 | United Kingdom | 678489789 |" time="0.021">
    <error message="no such element: Unable to locate element: {&quot;method&quot;:&quot;xpath&quot;,&quot;selector&quot;:&quot;//*[@id=&quot;address-link&quot;]/span&quot;}
  (Session info: chrome=92.0.4515.107)
For documentation on this error, please visit: https://www.seleniumhq.org/exceptions/no_such_element.html
Build info: version: &apos;3.141.59&apos;, revision: &apos;e82be7d358&apos;, time: &apos;2018-11-14T08:17:03&apos;
System info: host: &apos;DESKTOP-7ASN0FD&apos;, ip: &apos;169.254.137.178&apos;, os.name: &apos;Windows 10&apos;, os.arch: &apos;amd64&apos;, os.version: &apos;10.0&apos;, java.version: &apos;11.0.12&apos;
Driver info: org.openqa.selenium.chrome.ChromeDriver
Capabilities {acceptInsecureCerts: false, browserName: chrome, browserVersion: 92.0.4515.107, chrome: {chromedriverVersion: 91.0.4472.101 (af52a90bf870..., userDataDir: C:\Users\AGNIES~1\AppData\L...}, goog:chromeOptions: {debuggerAddress: localhost:61513}, javascriptEnabled: true, networkConnectionEnabled: false, pageLoadStrategy: normal, platform: WINDOWS, platformName: WINDOWS, proxy: Proxy(), setWindowRect: true, strictFileInteractability: false, timeouts: {implicit: 0, pageLoad: 300000, script: 30000}, unhandledPromptBehavior: dismiss and notify, webauthn:extension:largeBlob: true, webauthn:virtualAuthenticators: true}
Session ID: 89ef50abcd6d4e9ad2fdde0fe68ca3e6
*** Element info: {Using=xpath, value=//*[@id=&quot;address-link&quot;]/span}" type="org.openqa.selenium.NoSuchElementException">org.openqa.selenium.NoSuchElementException: no such element: Unable to locate element: {&quot;method&quot;:&quot;xpath&quot;,&quot;selector&quot;:&quot;//*[@id=&quot;address-link&quot;]/span&quot;}
  (Session info: chrome=92.0.4515.107)
For documentation on this error, please visit: https://www.seleniumhq.org/exceptions/no_such_element.html
Build info: version: &apos;3.141.59&apos;, revision: &apos;e82be7d358&apos;, time: &apos;2018-11-14T08:17:03&apos;
System info: host: &apos;DESKTOP-7ASN0FD&apos;, ip: &apos;169.254.137.178&apos;, os.name: &apos;Windows 10&apos;, os.arch: &apos;amd64&apos;, os.version: &apos;10.0&apos;, java.version: &apos;11.0.12&apos;
Driver info: org.openqa.selenium.chrome.ChromeDriver
Capabilities {acceptInsecureCerts: false, browserName: chrome, browserVersion: 92.0.4515.107, chrome: {chromedriverVersion: 91.0.4472.101 (af52a90bf870..., userDataDir: C:\Users\AGNIES~1\AppData\L...}, goog:chromeOptions: {debuggerAddress: localhost:61513}, javascriptEnabled: true, networkConnectionEnabled: false, pageLoadStrategy: normal, platform: WINDOWS, platformName: WINDOWS, proxy: Proxy(), setWindowRect: true, strictFileInteractability: false, timeouts: {implicit: 0, pageLoad: 300000, script: 30000}, unhandledPromptBehavior: dismiss and notify, webauthn:extension:largeBlob: true, webauthn:virtualAuthenticators: true}
Session ID: 89ef50abcd6d4e9ad2fdde0fe68ca3e6
*** Element info: {Using=xpath, value=//*[@id=&quot;address-link&quot;]/span}
	at java.base/jdk.internal.reflect.NativeConstructorAccessorImpl.newInstance0(Native Method)
	at java.base/jdk.internal.reflect.NativeConstructorAccessorImpl.newInstance(NativeConstructorAccessorImpl.java:62)
	at java.base/jdk.internal.reflect.DelegatingConstructorAccessorImpl.newInstance(DelegatingConstructorAccessorImpl.java:45)
	at java.base/java.lang.reflect.Constructor.newInstance(Constructor.java:490)
	at org.openqa.selenium.remote.http.W3CHttpResponseCodec.createException(W3CHttpResponseCodec.java:187)
	at org.openqa.selenium.remote.http.W3CHttpResponseCodec.decode(W3CHttpResponseCodec.java:122)
	at org.openqa.selenium.remote.http.W3CHttpResponseCodec.decode(W3CHttpResponseCodec.java:49)
	at org.openqa.selenium.remote.HttpCommandExecutor.execute(HttpCommandExecutor.java:158)
	at org.openqa.selenium.remote.service.DriverCommandExecutor.execute(DriverCommandExecutor.java:83)
	at org.openqa.selenium.remote.RemoteWebDriver.execute(RemoteWebDriver.java:552)
	at org.openqa.selenium.remote.RemoteWebDriver.findElement(RemoteWebDriver.java:323)
	at org.openqa.selenium.remote.RemoteWebDriver.findElementByXPath(RemoteWebDriver.java:428)
	at org.openqa.selenium.By$ByXPath.findElement(By.java:353)
	at org.openqa.selenium.remote.RemoteWebDriver.findElement(RemoteWebDriver.java:315)
	at org.openqa.selenium.support.pagefactory.DefaultElementLocator.findElement(DefaultElementLocator.java:69)
	at org.openqa.selenium.support.pagefactory.internal.LocatingElementHandler.invoke(LocatingElementHandler.java:38)
	at com.sun.proxy.$Proxy19.click(Unknown Source)
	at task1.userData.addressesButton2(userData.java:68)
	at taskUserData.userDataSteps.clickAddressesButton(userDataSteps.java:60)
	at ✽.When User click Addresses(src/test/resources/cucumber.features/search-in-google.feature:10)
</error>
  </testcase>
  <testcase classname="| agakk | Wiosenna 13 | Poznań | 61-677 | United Kingdom | 678489789 |" name="And enter parametr1 agakk" time="0.024">
    <skipped/>
  </testcase>
  <testcase classname="| agakk | Wiosenna 13 | Poznań | 61-677 | United Kingdom | 678489789 |" name="And enter parametr2 Wiosenna 13" time="0.026">
    <skipped/>
  </testcase>
  <testcase classname="| agakk | Wiosenna 13 | Poznań | 61-677 | United Kingdom | 678489789 |" name="And enter parametr3 Poznań" time="0.027">
    <skipped/>
  </testcase>
  <testcase classname="| agakk | Wiosenna 13 | Poznań | 61-677 | United Kingdom | 678489789 |" name="And enter parametr4 61-677" time="0.028">
    <skipped/>
  </testcase>
  <testcase classname="| agakk | Wiosenna 13 | Poznań | 61-677 | United Kingdom | 678489789 |" name="And enter parametr5 United Kingdom" time="0.029">
    <skipped/>
  </testcase>
  <testcase classname="| agakk | Wiosenna 13 | Poznań | 61-677 | United Kingdom | 678489789 |" name="And enter parametr6 678489789" time="0.031">
    <skipped/>
  </testcase>
  <testcase classname="| agakk | Wiosenna 13 | Poznań | 61-677 | United Kingdom | 678489789 |" name="And submit AddressData" time="0.032">
    <skipped/>
  </testcase>
  <testcase classname="| agakk | Wiosenna 13 | Poznań | 61-677 | United Kingdom | 678489789 |" name="Then address data are added" time="0.034">
    <skipped/>
  </testcase>
  <testcase classname="| agakk | Wiosenna 13 | Poznań | 61-677 | United Kingdom | 678489789 |" name="And Close browser" time="0.036">
    <skipped/>
  </testcase>
</testsuite>